
darksocv.o:     file format elf32-littleriscv


Disassembly of section .text:

00000000 <boot>:
   0:	000017b7          	lui	a5,0x1
   4:	e307a703          	lw	a4,-464(a5) # e30 <threads>
   8:	ff010113          	addi	sp,sp,-16
   c:	00812423          	sw	s0,8(sp)
  10:	00170693          	addi	a3,a4,1
  14:	e2d7a823          	sw	a3,-464(a5)
  18:	800007b7          	lui	a5,0x80000
  1c:	00112623          	sw	ra,12(sp)
  20:	00912223          	sw	s1,4(sp)
  24:	00177713          	andi	a4,a4,1
  28:	00078693          	mv	a3,a5
  2c:	f8000613          	li	a2,-128
  30:	00e12023          	sw	a4,0(sp)
  34:	00c681a3          	sb	a2,3(a3)
  38:	00001437          	lui	s0,0x1
  3c:	04070063          	beqz	a4,7c <boot+0x7c>
  40:	000f46b7          	lui	a3,0xf4
  44:	00078793          	mv	a5,a5
  48:	23f68693          	addi	a3,a3,575 # f423f <nxt.1629+0xf340b>
  4c:	e2c42703          	lw	a4,-468(s0) # e2c <utimers>
  50:	fff70593          	addi	a1,a4,-1
  54:	e2b42623          	sw	a1,-468(s0)
  58:	00071e63          	bnez	a4,74 <boot+0x74>
  5c:	0087d703          	lhu	a4,8(a5) # 80000008 <io+0x8>
  60:	00170713          	addi	a4,a4,1
  64:	01071713          	slli	a4,a4,0x10
  68:	01075713          	srli	a4,a4,0x10
  6c:	00e79423          	sh	a4,8(a5)
  70:	e2d42623          	sw	a3,-468(s0)
  74:	00c781a3          	sb	a2,3(a5)
  78:	fd5ff06f          	j	4c <boot+0x4c>
  7c:	001000ef          	jal	ra,87c <banner>
  80:	00001537          	lui	a0,0x1
  84:	01010693          	addi	a3,sp,16
  88:	e2c40613          	addi	a2,s0,-468
  8c:	00000593          	li	a1,0
  90:	f1850513          	addi	a0,a0,-232 # f18 <nxt.1629+0xe4>
  94:	354000ef          	jal	ra,3e8 <printf>
  98:	059000ef          	jal	ra,8f0 <main>
  9c:	fe1ff06f          	j	7c <boot+0x7c>

000000a0 <board_name>:
  a0:	04050c63          	beqz	a0,f8 <board_name+0x58>
  a4:	00100793          	li	a5,1
  a8:	04f50e63          	beq	a0,a5,104 <board_name+0x64>
  ac:	00200793          	li	a5,2
  b0:	06f50063          	beq	a0,a5,110 <board_name+0x70>
  b4:	00300793          	li	a5,3
  b8:	06f50263          	beq	a0,a5,11c <board_name+0x7c>
  bc:	00400793          	li	a5,4
  c0:	06f50463          	beq	a0,a5,128 <board_name+0x88>
  c4:	00500793          	li	a5,5
  c8:	06f50663          	beq	a0,a5,134 <board_name+0x94>
  cc:	00600793          	li	a5,6
  d0:	06f50863          	beq	a0,a5,140 <board_name+0xa0>
  d4:	00700793          	li	a5,7
  d8:	06f50a63          	beq	a0,a5,14c <board_name+0xac>
  dc:	00800793          	li	a5,8
  e0:	06f50c63          	beq	a0,a5,158 <board_name+0xb8>
  e4:	00900793          	li	a5,9
  e8:	06f50e63          	beq	a0,a5,164 <board_name+0xc4>
  ec:	00001537          	lui	a0,0x1
  f0:	f1050513          	addi	a0,a0,-240 # f10 <nxt.1629+0xdc>
  f4:	00008067          	ret
  f8:	00001537          	lui	a0,0x1
  fc:	e6450513          	addi	a0,a0,-412 # e64 <nxt.1629+0x30>
 100:	00008067          	ret
 104:	00001537          	lui	a0,0x1
 108:	e7450513          	addi	a0,a0,-396 # e74 <nxt.1629+0x40>
 10c:	00008067          	ret
 110:	00001537          	lui	a0,0x1
 114:	e8c50513          	addi	a0,a0,-372 # e8c <nxt.1629+0x58>
 118:	00008067          	ret
 11c:	00001537          	lui	a0,0x1
 120:	ea050513          	addi	a0,a0,-352 # ea0 <nxt.1629+0x6c>
 124:	00008067          	ret
 128:	00001537          	lui	a0,0x1
 12c:	eb450513          	addi	a0,a0,-332 # eb4 <nxt.1629+0x80>
 130:	00008067          	ret
 134:	00001537          	lui	a0,0x1
 138:	ec850513          	addi	a0,a0,-312 # ec8 <nxt.1629+0x94>
 13c:	00008067          	ret
 140:	00001537          	lui	a0,0x1
 144:	ee050513          	addi	a0,a0,-288 # ee0 <nxt.1629+0xac>
 148:	00008067          	ret
 14c:	00001537          	lui	a0,0x1
 150:	e4c50513          	addi	a0,a0,-436 # e4c <nxt.1629+0x18>
 154:	00008067          	ret
 158:	00001537          	lui	a0,0x1
 15c:	ef450513          	addi	a0,a0,-268 # ef4 <nxt.1629+0xc0>
 160:	00008067          	ret
 164:	00001537          	lui	a0,0x1
 168:	e3850513          	addi	a0,a0,-456 # e38 <nxt.1629+0x4>
 16c:	00008067          	ret

00000170 <getchar>:
 170:	800007b7          	lui	a5,0x80000
 174:	00078793          	mv	a5,a5
 178:	0047c703          	lbu	a4,4(a5) # 80000004 <io+0x4>
 17c:	00277713          	andi	a4,a4,2
 180:	fe070ce3          	beqz	a4,178 <getchar+0x8>
 184:	0057c503          	lbu	a0,5(a5)
 188:	00008067          	ret

0000018c <putchar>:
 18c:	800007b7          	lui	a5,0x80000
 190:	00a00713          	li	a4,10
 194:	00078793          	mv	a5,a5
 198:	00e51c63          	bne	a0,a4,1b0 <putchar+0x24>
 19c:	0047c703          	lbu	a4,4(a5) # 80000004 <io+0x4>
 1a0:	00177713          	andi	a4,a4,1
 1a4:	fe071ce3          	bnez	a4,19c <putchar+0x10>
 1a8:	00d00713          	li	a4,13
 1ac:	00e782a3          	sb	a4,5(a5)
 1b0:	0047c703          	lbu	a4,4(a5)
 1b4:	00177713          	andi	a4,a4,1
 1b8:	fe071ce3          	bnez	a4,1b0 <putchar+0x24>
 1bc:	0ff57713          	andi	a4,a0,255
 1c0:	00e782a3          	sb	a4,5(a5)
 1c4:	00070513          	mv	a0,a4
 1c8:	00008067          	ret

000001cc <gets>:
 1cc:	fe810113          	addi	sp,sp,-24
 1d0:	00812823          	sw	s0,16(sp)
 1d4:	00912623          	sw	s1,12(sp)
 1d8:	00112a23          	sw	ra,20(sp)
 1dc:	00050493          	mv	s1,a0
 1e0:	00050413          	mv	s0,a0
 1e4:	fff58713          	addi	a4,a1,-1
 1e8:	02070063          	beqz	a4,208 <gets+0x3c>
 1ec:	00b12223          	sw	a1,4(sp)
 1f0:	00e12023          	sw	a4,0(sp)
 1f4:	f7dff0ef          	jal	ra,170 <getchar>
 1f8:	00a00693          	li	a3,10
 1fc:	00012703          	lw	a4,0(sp)
 200:	00412583          	lw	a1,4(sp)
 204:	02d51863          	bne	a0,a3,234 <gets+0x68>
 208:	00a00513          	li	a0,10
 20c:	f81ff0ef          	jal	ra,18c <putchar>
 210:	00040023          	sb	zero,0(s0)
 214:	00941463          	bne	s0,s1,21c <gets+0x50>
 218:	00000493          	li	s1,0
 21c:	01412083          	lw	ra,20(sp)
 220:	01012403          	lw	s0,16(sp)
 224:	00048513          	mv	a0,s1
 228:	00c12483          	lw	s1,12(sp)
 22c:	01810113          	addi	sp,sp,24
 230:	00008067          	ret
 234:	00b12423          	sw	a1,8(sp)
 238:	00e12223          	sw	a4,4(sp)
 23c:	00d00693          	li	a3,13
 240:	00a12023          	sw	a0,0(sp)
 244:	fcd502e3          	beq	a0,a3,208 <gets+0x3c>
 248:	f45ff0ef          	jal	ra,18c <putchar>
 24c:	00012783          	lw	a5,0(sp)
 250:	00800693          	li	a3,8
 254:	00412703          	lw	a4,4(sp)
 258:	00812583          	lw	a1,8(sp)
 25c:	00d79e63          	bne	a5,a3,278 <gets+0xac>
 260:	00940863          	beq	s0,s1,270 <gets+0xa4>
 264:	fe040fa3          	sb	zero,-1(s0)
 268:	00058713          	mv	a4,a1
 26c:	fff40413          	addi	s0,s0,-1
 270:	00070593          	mv	a1,a4
 274:	f71ff06f          	j	1e4 <gets+0x18>
 278:	00f40023          	sb	a5,0(s0)
 27c:	00140413          	addi	s0,s0,1
 280:	ff1ff06f          	j	270 <gets+0xa4>

00000284 <putstr>:
 284:	ff410113          	addi	sp,sp,-12
 288:	00812223          	sw	s0,4(sp)
 28c:	00112423          	sw	ra,8(sp)
 290:	00050413          	mv	s0,a0
 294:	00051663          	bnez	a0,2a0 <putstr+0x1c>
 298:	00001437          	lui	s0,0x1
 29c:	f7c40413          	addi	s0,s0,-132 # f7c <nxt.1629+0x148>
 2a0:	00044503          	lbu	a0,0(s0)
 2a4:	00051a63          	bnez	a0,2b8 <putstr+0x34>
 2a8:	00812083          	lw	ra,8(sp)
 2ac:	00412403          	lw	s0,4(sp)
 2b0:	00c10113          	addi	sp,sp,12
 2b4:	00008067          	ret
 2b8:	00140413          	addi	s0,s0,1
 2bc:	ed1ff0ef          	jal	ra,18c <putchar>
 2c0:	fe1ff06f          	j	2a0 <putstr+0x1c>

000002c4 <puts>:
 2c4:	ff410113          	addi	sp,sp,-12
 2c8:	00112423          	sw	ra,8(sp)
 2cc:	fb9ff0ef          	jal	ra,284 <putstr>
 2d0:	00812083          	lw	ra,8(sp)
 2d4:	00a00513          	li	a0,10
 2d8:	00c10113          	addi	sp,sp,12
 2dc:	eb1ff06f          	j	18c <putchar>

000002e0 <putdx>:
 2e0:	fac10113          	addi	sp,sp,-84
 2e4:	00b12023          	sw	a1,0(sp)
 2e8:	000015b7          	lui	a1,0x1
 2ec:	04812623          	sw	s0,76(sp)
 2f0:	04912423          	sw	s1,72(sp)
 2f4:	02c00613          	li	a2,44
 2f8:	f3c58493          	addi	s1,a1,-196 # f3c <nxt.1629+0x108>
 2fc:	00050413          	mv	s0,a0
 300:	f3c58593          	addi	a1,a1,-196
 304:	01c10513          	addi	a0,sp,28
 308:	04112823          	sw	ra,80(sp)
 30c:	210000ef          	jal	ra,51c <memcpy>
 310:	01400613          	li	a2,20
 314:	02c48593          	addi	a1,s1,44
 318:	00810513          	addi	a0,sp,8
 31c:	200000ef          	jal	ra,51c <memcpy>
 320:	00012703          	lw	a4,0(sp)
 324:	00810793          	addi	a5,sp,8
 328:	00070463          	beqz	a4,330 <putdx+0x50>
 32c:	01c10793          	addi	a5,sp,28
 330:	01800493          	li	s1,24
 334:	0007a583          	lw	a1,0(a5)
 338:	00059c63          	bnez	a1,350 <putdx+0x70>
 33c:	05012083          	lw	ra,80(sp)
 340:	04c12403          	lw	s0,76(sp)
 344:	04812483          	lw	s1,72(sp)
 348:	05410113          	addi	sp,sp,84
 34c:	00008067          	ret
 350:	00100713          	li	a4,1
 354:	00e58463          	beq	a1,a4,35c <putdx+0x7c>
 358:	04b46063          	bltu	s0,a1,398 <putdx+0xb8>
 35c:	00012683          	lw	a3,0(sp)
 360:	00001737          	lui	a4,0x1
 364:	00f12223          	sw	a5,4(sp)
 368:	f8470713          	addi	a4,a4,-124 # f84 <nxt.1629+0x150>
 36c:	02068c63          	beqz	a3,3a4 <putdx+0xc4>
 370:	00040513          	mv	a0,s0
 374:	400000ef          	jal	ra,774 <__udivsi3>
 378:	00a00593          	li	a1,10
 37c:	400000ef          	jal	ra,77c <__umodsi3>
 380:	000017b7          	lui	a5,0x1
 384:	f8478713          	addi	a4,a5,-124 # f84 <nxt.1629+0x150>
 388:	00a70533          	add	a0,a4,a0
 38c:	00054503          	lbu	a0,0(a0)
 390:	dfdff0ef          	jal	ra,18c <putchar>
 394:	00412783          	lw	a5,4(sp)
 398:	ff848493          	addi	s1,s1,-8
 39c:	00478793          	addi	a5,a5,4
 3a0:	f95ff06f          	j	334 <putdx+0x54>
 3a4:	00448693          	addi	a3,s1,4
 3a8:	00d456b3          	srl	a3,s0,a3
 3ac:	00f6f693          	andi	a3,a3,15
 3b0:	00d706b3          	add	a3,a4,a3
 3b4:	0006c503          	lbu	a0,0(a3)
 3b8:	dd5ff0ef          	jal	ra,18c <putchar>
 3bc:	00945533          	srl	a0,s0,s1
 3c0:	000017b7          	lui	a5,0x1
 3c4:	00f57513          	andi	a0,a0,15
 3c8:	f8478713          	addi	a4,a5,-124 # f84 <nxt.1629+0x150>
 3cc:	00a70733          	add	a4,a4,a0
 3d0:	00074503          	lbu	a0,0(a4)
 3d4:	fbdff06f          	j	390 <putdx+0xb0>

000003d8 <putx>:
 3d8:	00000593          	li	a1,0
 3dc:	f05ff06f          	j	2e0 <putdx>

000003e0 <putd>:
 3e0:	00100593          	li	a1,1
 3e4:	efdff06f          	j	2e0 <putdx>

000003e8 <printf>:
 3e8:	fdc10113          	addi	sp,sp,-36
 3ec:	02f12023          	sw	a5,32(sp)
 3f0:	01010793          	addi	a5,sp,16
 3f4:	00812423          	sw	s0,8(sp)
 3f8:	00112623          	sw	ra,12(sp)
 3fc:	00912223          	sw	s1,4(sp)
 400:	00050413          	mv	s0,a0
 404:	00b12823          	sw	a1,16(sp)
 408:	00c12a23          	sw	a2,20(sp)
 40c:	00d12c23          	sw	a3,24(sp)
 410:	00e12e23          	sw	a4,28(sp)
 414:	00f12023          	sw	a5,0(sp)
 418:	00044503          	lbu	a0,0(s0)
 41c:	00051c63          	bnez	a0,434 <printf+0x4c>
 420:	00c12083          	lw	ra,12(sp)
 424:	00812403          	lw	s0,8(sp)
 428:	00412483          	lw	s1,4(sp)
 42c:	02410113          	addi	sp,sp,36
 430:	00008067          	ret
 434:	02500793          	li	a5,37
 438:	00140493          	addi	s1,s0,1
 43c:	06f51a63          	bne	a0,a5,4b0 <printf+0xc8>
 440:	00144503          	lbu	a0,1(s0)
 444:	07300793          	li	a5,115
 448:	02f51063          	bne	a0,a5,468 <printf+0x80>
 44c:	00012783          	lw	a5,0(sp)
 450:	0007a503          	lw	a0,0(a5)
 454:	00478713          	addi	a4,a5,4
 458:	00e12023          	sw	a4,0(sp)
 45c:	e29ff0ef          	jal	ra,284 <putstr>
 460:	00148413          	addi	s0,s1,1
 464:	fb5ff06f          	j	418 <printf+0x30>
 468:	07800793          	li	a5,120
 46c:	00f51e63          	bne	a0,a5,488 <printf+0xa0>
 470:	00012783          	lw	a5,0(sp)
 474:	0007a503          	lw	a0,0(a5)
 478:	00478713          	addi	a4,a5,4
 47c:	00e12023          	sw	a4,0(sp)
 480:	f59ff0ef          	jal	ra,3d8 <putx>
 484:	fddff06f          	j	460 <printf+0x78>
 488:	06400793          	li	a5,100
 48c:	00f51e63          	bne	a0,a5,4a8 <printf+0xc0>
 490:	00012783          	lw	a5,0(sp)
 494:	0007a503          	lw	a0,0(a5)
 498:	00478713          	addi	a4,a5,4
 49c:	00e12023          	sw	a4,0(sp)
 4a0:	f41ff0ef          	jal	ra,3e0 <putd>
 4a4:	fbdff06f          	j	460 <printf+0x78>
 4a8:	ce5ff0ef          	jal	ra,18c <putchar>
 4ac:	fb5ff06f          	j	460 <printf+0x78>
 4b0:	cddff0ef          	jal	ra,18c <putchar>
 4b4:	00040493          	mv	s1,s0
 4b8:	fa9ff06f          	j	460 <printf+0x78>

000004bc <strncmp>:
 4bc:	fff60613          	addi	a2,a2,-1
 4c0:	00000793          	li	a5,0
 4c4:	00f50733          	add	a4,a0,a5
 4c8:	00074683          	lbu	a3,0(a4)
 4cc:	00f58733          	add	a4,a1,a5
 4d0:	00074703          	lbu	a4,0(a4)
 4d4:	00c78a63          	beq	a5,a2,4e8 <strncmp+0x2c>
 4d8:	00068863          	beqz	a3,4e8 <strncmp+0x2c>
 4dc:	00070663          	beqz	a4,4e8 <strncmp+0x2c>
 4e0:	00178793          	addi	a5,a5,1
 4e4:	fee680e3          	beq	a3,a4,4c4 <strncmp+0x8>
 4e8:	40e68533          	sub	a0,a3,a4
 4ec:	00008067          	ret

000004f0 <strcmp>:
 4f0:	fff00613          	li	a2,-1
 4f4:	fc9ff06f          	j	4bc <strncmp>

000004f8 <strlen>:
 4f8:	00000793          	li	a5,0
 4fc:	00f50733          	add	a4,a0,a5
 500:	00074703          	lbu	a4,0(a4)
 504:	00070863          	beqz	a4,514 <strlen+0x1c>
 508:	00178793          	addi	a5,a5,1
 50c:	00f50733          	add	a4,a0,a5
 510:	fe0716e3          	bnez	a4,4fc <strlen+0x4>
 514:	00078513          	mv	a0,a5
 518:	00008067          	ret

0000051c <memcpy>:
 51c:	00000793          	li	a5,0
 520:	00c79463          	bne	a5,a2,528 <memcpy+0xc>
 524:	00008067          	ret
 528:	00f58733          	add	a4,a1,a5
 52c:	00074683          	lbu	a3,0(a4)
 530:	00f50733          	add	a4,a0,a5
 534:	00178793          	addi	a5,a5,1
 538:	00d70023          	sb	a3,0(a4)
 53c:	fe5ff06f          	j	520 <memcpy+0x4>

00000540 <memset>:
 540:	00c50633          	add	a2,a0,a2
 544:	00050793          	mv	a5,a0
 548:	00c79463          	bne	a5,a2,550 <memset+0x10>
 54c:	00008067          	ret
 550:	00178793          	addi	a5,a5,1
 554:	feb78fa3          	sb	a1,-1(a5)
 558:	ff1ff06f          	j	548 <memset+0x8>

0000055c <strtok>:
 55c:	fec10113          	addi	sp,sp,-20
 560:	00812623          	sw	s0,12(sp)
 564:	00050413          	mv	s0,a0
 568:	00058513          	mv	a0,a1
 56c:	00912423          	sw	s1,8(sp)
 570:	00112823          	sw	ra,16(sp)
 574:	00058493          	mv	s1,a1
 578:	f81ff0ef          	jal	ra,4f8 <strlen>
 57c:	00050693          	mv	a3,a0
 580:	00041863          	bnez	s0,590 <strtok+0x34>
 584:	000017b7          	lui	a5,0x1
 588:	e347a403          	lw	s0,-460(a5) # e34 <nxt.1629>
 58c:	04040863          	beqz	s0,5dc <strtok+0x80>
 590:	00040793          	mv	a5,s0
 594:	0007c703          	lbu	a4,0(a5)
 598:	00071863          	bnez	a4,5a8 <strtok+0x4c>
 59c:	000017b7          	lui	a5,0x1
 5a0:	e207aa23          	sw	zero,-460(a5) # e34 <nxt.1629>
 5a4:	0380006f          	j	5dc <strtok+0x80>
 5a8:	00068613          	mv	a2,a3
 5ac:	00078513          	mv	a0,a5
 5b0:	00048593          	mv	a1,s1
 5b4:	00d12223          	sw	a3,4(sp)
 5b8:	00f12023          	sw	a5,0(sp)
 5bc:	f01ff0ef          	jal	ra,4bc <strncmp>
 5c0:	00012783          	lw	a5,0(sp)
 5c4:	00412683          	lw	a3,4(sp)
 5c8:	00178713          	addi	a4,a5,1
 5cc:	02051463          	bnez	a0,5f4 <strtok+0x98>
 5d0:	00078023          	sb	zero,0(a5)
 5d4:	000017b7          	lui	a5,0x1
 5d8:	e2e7aa23          	sw	a4,-460(a5) # e34 <nxt.1629>
 5dc:	00040513          	mv	a0,s0
 5e0:	01012083          	lw	ra,16(sp)
 5e4:	00c12403          	lw	s0,12(sp)
 5e8:	00812483          	lw	s1,8(sp)
 5ec:	01410113          	addi	sp,sp,20
 5f0:	00008067          	ret
 5f4:	00070793          	mv	a5,a4
 5f8:	f9dff06f          	j	594 <strtok+0x38>

000005fc <atoi>:
 5fc:	00000693          	li	a3,0
 600:	00000793          	li	a5,0
 604:	02d00613          	li	a2,45
 608:	00051c63          	bnez	a0,620 <atoi+0x24>
 60c:	02069e63          	bnez	a3,648 <atoi+0x4c>
 610:	00078513          	mv	a0,a5
 614:	00008067          	ret
 618:	00100693          	li	a3,1
 61c:	0240006f          	j	640 <atoi+0x44>
 620:	00054703          	lbu	a4,0(a0)
 624:	fe0704e3          	beqz	a4,60c <atoi+0x10>
 628:	fec708e3          	beq	a4,a2,618 <atoi+0x1c>
 62c:	00379593          	slli	a1,a5,0x3
 630:	fd070713          	addi	a4,a4,-48
 634:	00b70733          	add	a4,a4,a1
 638:	00179793          	slli	a5,a5,0x1
 63c:	00f707b3          	add	a5,a4,a5
 640:	00150513          	addi	a0,a0,1
 644:	fc5ff06f          	j	608 <atoi+0xc>
 648:	40f007b3          	neg	a5,a5
 64c:	fc5ff06f          	j	610 <atoi+0x14>

00000650 <xtoi>:
 650:	00050693          	mv	a3,a0
 654:	03900613          	li	a2,57
 658:	00000513          	li	a0,0
 65c:	00068663          	beqz	a3,668 <xtoi+0x18>
 660:	0006c783          	lbu	a5,0(a3)
 664:	00079463          	bnez	a5,66c <xtoi+0x1c>
 668:	00008067          	ret
 66c:	00451713          	slli	a4,a0,0x4
 670:	00f66a63          	bltu	a2,a5,684 <xtoi+0x34>
 674:	fd078793          	addi	a5,a5,-48
 678:	00e78533          	add	a0,a5,a4
 67c:	00168693          	addi	a3,a3,1
 680:	fddff06f          	j	65c <xtoi+0xc>
 684:	05f7f793          	andi	a5,a5,95
 688:	fc978793          	addi	a5,a5,-55
 68c:	fedff06f          	j	678 <xtoi+0x28>

00000690 <mac>:
 690:	857f                	0x857f
 692:	00c5                	addi	ra,ra,17
 694:	00008067          	ret

00000698 <__umulsi3>:
 698:	00050793          	mv	a5,a0
 69c:	00b57663          	bgeu	a0,a1,6a8 <__umulsi3+0x10>
 6a0:	00058793          	mv	a5,a1
 6a4:	00050593          	mv	a1,a0
 6a8:	00000513          	li	a0,0
 6ac:	00059463          	bnez	a1,6b4 <__umulsi3+0x1c>
 6b0:	00008067          	ret
 6b4:	0015f713          	andi	a4,a1,1
 6b8:	00070463          	beqz	a4,6c0 <__umulsi3+0x28>
 6bc:	00f50533          	add	a0,a0,a5
 6c0:	00179793          	slli	a5,a5,0x1
 6c4:	0015d593          	srli	a1,a1,0x1
 6c8:	fe5ff06f          	j	6ac <__umulsi3+0x14>

000006cc <__mulsi3>:
 6cc:	ff410113          	addi	sp,sp,-12
 6d0:	00912023          	sw	s1,0(sp)
 6d4:	00112423          	sw	ra,8(sp)
 6d8:	00812223          	sw	s0,4(sp)
 6dc:	00000493          	li	s1,0
 6e0:	00055663          	bgez	a0,6ec <__mulsi3+0x20>
 6e4:	40a00533          	neg	a0,a0
 6e8:	00100493          	li	s1,1
 6ec:	00000413          	li	s0,0
 6f0:	0005d663          	bgez	a1,6fc <__mulsi3+0x30>
 6f4:	40b005b3          	neg	a1,a1
 6f8:	00100413          	li	s0,1
 6fc:	f9dff0ef          	jal	ra,698 <__umulsi3>
 700:	00050793          	mv	a5,a0
 704:	00848463          	beq	s1,s0,70c <__mulsi3+0x40>
 708:	40a007b3          	neg	a5,a0
 70c:	00812083          	lw	ra,8(sp)
 710:	00412403          	lw	s0,4(sp)
 714:	00012483          	lw	s1,0(sp)
 718:	00078513          	mv	a0,a5
 71c:	00c10113          	addi	sp,sp,12
 720:	00008067          	ret

00000724 <__udiv_umod_si3>:
 724:	00100793          	li	a5,1
 728:	00059a63          	bnez	a1,73c <__udiv_umod_si3+0x18>
 72c:	00058513          	mv	a0,a1
 730:	00008067          	ret
 734:	00179793          	slli	a5,a5,0x1
 738:	00159593          	slli	a1,a1,0x1
 73c:	fea5ece3          	bltu	a1,a0,734 <__udiv_umod_si3+0x10>
 740:	00058713          	mv	a4,a1
 744:	00000593          	li	a1,0
 748:	00050463          	beqz	a0,750 <__udiv_umod_si3+0x2c>
 74c:	00079863          	bnez	a5,75c <__udiv_umod_si3+0x38>
 750:	fc061ee3          	bnez	a2,72c <__udiv_umod_si3+0x8>
 754:	00050593          	mv	a1,a0
 758:	fd5ff06f          	j	72c <__udiv_umod_si3+0x8>
 75c:	00e56663          	bltu	a0,a4,768 <__udiv_umod_si3+0x44>
 760:	40e50533          	sub	a0,a0,a4
 764:	00f585b3          	add	a1,a1,a5
 768:	0017d793          	srli	a5,a5,0x1
 76c:	00175713          	srli	a4,a4,0x1
 770:	fd9ff06f          	j	748 <__udiv_umod_si3+0x24>

00000774 <__udivsi3>:
 774:	00100613          	li	a2,1
 778:	fadff06f          	j	724 <__udiv_umod_si3>

0000077c <__umodsi3>:
 77c:	00000613          	li	a2,0
 780:	fa5ff06f          	j	724 <__udiv_umod_si3>

00000784 <__div_mod_si3>:
 784:	06058e63          	beqz	a1,800 <__div_mod_si3+0x7c>
 788:	ff010113          	addi	sp,sp,-16
 78c:	00812423          	sw	s0,8(sp)
 790:	00112623          	sw	ra,12(sp)
 794:	00912223          	sw	s1,4(sp)
 798:	00060793          	mv	a5,a2
 79c:	00000413          	li	s0,0
 7a0:	00055663          	bgez	a0,7ac <__div_mod_si3+0x28>
 7a4:	40a00533          	neg	a0,a0
 7a8:	00100413          	li	s0,1
 7ac:	00000493          	li	s1,0
 7b0:	0005d663          	bgez	a1,7bc <__div_mod_si3+0x38>
 7b4:	40b005b3          	neg	a1,a1
 7b8:	00100493          	li	s1,1
 7bc:	00078613          	mv	a2,a5
 7c0:	00f12023          	sw	a5,0(sp)
 7c4:	f61ff0ef          	jal	ra,724 <__udiv_umod_si3>
 7c8:	00012783          	lw	a5,0(sp)
 7cc:	00050593          	mv	a1,a0
 7d0:	02078263          	beqz	a5,7f4 <__div_mod_si3+0x70>
 7d4:	00940463          	beq	s0,s1,7dc <__div_mod_si3+0x58>
 7d8:	40a005b3          	neg	a1,a0
 7dc:	00c12083          	lw	ra,12(sp)
 7e0:	00812403          	lw	s0,8(sp)
 7e4:	00412483          	lw	s1,4(sp)
 7e8:	00058513          	mv	a0,a1
 7ec:	01010113          	addi	sp,sp,16
 7f0:	00008067          	ret
 7f4:	fe0404e3          	beqz	s0,7dc <__div_mod_si3+0x58>
 7f8:	40a005b3          	neg	a1,a0
 7fc:	fe1ff06f          	j	7dc <__div_mod_si3+0x58>
 800:	00058513          	mv	a0,a1
 804:	00008067          	ret

00000808 <__divsi3>:
 808:	00100613          	li	a2,1
 80c:	f79ff06f          	j	784 <__div_mod_si3>

00000810 <__modsi3>:
 810:	00000613          	li	a2,0
 814:	f71ff06f          	j	784 <__div_mod_si3>

00000818 <usleep>:
 818:	000017b7          	lui	a5,0x1
 81c:	e307a703          	lw	a4,-464(a5) # e30 <threads>
 820:	00100793          	li	a5,1
 824:	00e7dc63          	bge	a5,a4,83c <usleep+0x24>
 828:	fff00713          	li	a4,-1
 82c:	000017b7          	lui	a5,0x1
 830:	fff50513          	addi	a0,a0,-1
 834:	02e51263          	bne	a0,a4,858 <usleep+0x40>
 838:	00008067          	ret
 83c:	800007b7          	lui	a5,0x80000
 840:	fff00693          	li	a3,-1
 844:	00078793          	mv	a5,a5
 848:	f8000613          	li	a2,-128
 84c:	fff50513          	addi	a0,a0,-1
 850:	00d51c63          	bne	a0,a3,868 <usleep+0x50>
 854:	00008067          	ret
 858:	e2c7a683          	lw	a3,-468(a5) # 7ffffe2c <io+0xfffffe2c>
 85c:	e2c7a603          	lw	a2,-468(a5)
 860:	fed60ee3          	beq	a2,a3,85c <usleep+0x44>
 864:	fcdff06f          	j	830 <usleep+0x18>
 868:	00c781a3          	sb	a2,3(a5)
 86c:	0037c703          	lbu	a4,3(a5)
 870:	0ff77713          	andi	a4,a4,255
 874:	fe070ce3          	beqz	a4,86c <usleep+0x54>
 878:	fd5ff06f          	j	84c <usleep+0x34>

0000087c <banner>:
 87c:	ee010113          	addi	sp,sp,-288
 880:	000015b7          	lui	a1,0x1
 884:	10d00613          	li	a2,269
 888:	26c58593          	addi	a1,a1,620 # 126c <nxt.1629+0x438>
 88c:	00410513          	addi	a0,sp,4
 890:	10112e23          	sw	ra,284(sp)
 894:	10812c23          	sw	s0,280(sp)
 898:	10912a23          	sw	s1,276(sp)
 89c:	c81ff0ef          	jal	ra,51c <memcpy>
 8a0:	00a00513          	li	a0,10
 8a4:	8e9ff0ef          	jal	ra,18c <putchar>
 8a8:	00410413          	addi	s0,sp,4
 8ac:	00044783          	lbu	a5,0(s0)
 8b0:	00079c63          	bnez	a5,8c8 <banner+0x4c>
 8b4:	11c12083          	lw	ra,284(sp)
 8b8:	11812403          	lw	s0,280(sp)
 8bc:	11412483          	lw	s1,276(sp)
 8c0:	12010113          	addi	sp,sp,288
 8c4:	00008067          	ret
 8c8:	00240413          	addi	s0,s0,2
 8cc:	fff44483          	lbu	s1,-1(s0)
 8d0:	fff48493          	addi	s1,s1,-1
 8d4:	fff00713          	li	a4,-1
 8d8:	fce48ae3          	beq	s1,a4,8ac <banner+0x30>
 8dc:	00078513          	mv	a0,a5
 8e0:	00f12023          	sw	a5,0(sp)
 8e4:	8a9ff0ef          	jal	ra,18c <putchar>
 8e8:	00012783          	lw	a5,0(sp)
 8ec:	fe5ff06f          	j	8d0 <banner+0x54>

Disassembly of section .text.startup:

000008f0 <main>:
 8f0:	f8810113          	addi	sp,sp,-120
 8f4:	06812823          	sw	s0,112(sp)
 8f8:	80000437          	lui	s0,0x80000
 8fc:	00044503          	lbu	a0,0(s0) # 80000000 <io+0x0>
 900:	06112a23          	sw	ra,116(sp)
 904:	06912623          	sw	s1,108(sp)
 908:	f98ff0ef          	jal	ra,a0 <board_name>
 90c:	00044603          	lbu	a2,0(s0)
 910:	00050593          	mv	a1,a0
 914:	00001537          	lui	a0,0x1
 918:	fa450513          	addi	a0,a0,-92 # fa4 <nxt.1629+0x170>
 91c:	acdff0ef          	jal	ra,3e8 <printf>
 920:	000015b7          	lui	a1,0x1
 924:	00001537          	lui	a0,0x1
 928:	fb858593          	addi	a1,a1,-72 # fb8 <nxt.1629+0x184>
 92c:	fd850513          	addi	a0,a0,-40 # fd8 <nxt.1629+0x1a4>
 930:	ab9ff0ef          	jal	ra,3e8 <printf>
 934:	00040793          	mv	a5,s0
 938:	000014b7          	lui	s1,0x1
 93c:	0017c303          	lbu	t1,1(a5)
 940:	0027c283          	lbu	t0,2(a5)
 944:	e304a703          	lw	a4,-464(s1) # e30 <threads>
 948:	00100793          	li	a5,1
 94c:	0ff37313          	andi	t1,t1,255
 950:	0ff2f293          	andi	t0,t0,255
 954:	00040413          	mv	s0,s0
 958:	18e7c263          	blt	a5,a4,adc <main+0x1ec>
 95c:	00001737          	lui	a4,0x1
 960:	37870713          	addi	a4,a4,888 # 1378 <nxt.1629+0x544>
 964:	01000613          	li	a2,16
 968:	01000593          	li	a1,16
 96c:	3e800513          	li	a0,1000
 970:	00e12423          	sw	a4,8(sp)
 974:	00512223          	sw	t0,4(sp)
 978:	00612023          	sw	t1,0(sp)
 97c:	d15ff0ef          	jal	ra,690 <mac>
 980:	4e800793          	li	a5,1256
 984:	00012303          	lw	t1,0(sp)
 988:	00412283          	lw	t0,4(sp)
 98c:	00812703          	lw	a4,8(sp)
 990:	14f50c63          	beq	a0,a5,ae8 <main+0x1f8>
 994:	000017b7          	lui	a5,0x1
 998:	37878793          	addi	a5,a5,888 # 1378 <nxt.1629+0x544>
 99c:	000016b7          	lui	a3,0x1
 9a0:	00001537          	lui	a0,0x1
 9a4:	00028613          	mv	a2,t0
 9a8:	00030593          	mv	a1,t1
 9ac:	ff868693          	addi	a3,a3,-8 # ff8 <nxt.1629+0x1c4>
 9b0:	00050513          	mv	a0,a0
 9b4:	a35ff0ef          	jal	ra,3e8 <printf>
 9b8:	e204a823          	sw	zero,-464(s1)
 9bc:	00645583          	lhu	a1,6(s0)
 9c0:	00001537          	lui	a0,0x1
 9c4:	02850513          	addi	a0,a0,40 # 1028 <nxt.1629+0x1f4>
 9c8:	a21ff0ef          	jal	ra,3e8 <printf>
 9cc:	00144503          	lbu	a0,1(s0)
 9d0:	00244483          	lbu	s1,2(s0)
 9d4:	00c42703          	lw	a4,12(s0)
 9d8:	00c42603          	lw	a2,12(s0)
 9dc:	000f45b7          	lui	a1,0xf4
 9e0:	24058593          	addi	a1,a1,576 # f4240 <nxt.1629+0xf340c>
 9e4:	00c12223          	sw	a2,4(sp)
 9e8:	00e12423          	sw	a4,8(sp)
 9ec:	ce1ff0ef          	jal	ra,6cc <__mulsi3>
 9f0:	0ff4f493          	andi	s1,s1,255
 9f4:	000025b7          	lui	a1,0x2
 9f8:	00a12023          	sw	a0,0(sp)
 9fc:	71058593          	addi	a1,a1,1808 # 2710 <nxt.1629+0x18dc>
 a00:	00048513          	mv	a0,s1
 a04:	cc9ff0ef          	jal	ra,6cc <__mulsi3>
 a08:	00812703          	lw	a4,8(sp)
 a0c:	00012783          	lw	a5,0(sp)
 a10:	00170593          	addi	a1,a4,1
 a14:	00a78533          	add	a0,a5,a0
 a18:	d5dff0ef          	jal	ra,774 <__udivsi3>
 a1c:	00412603          	lw	a2,4(sp)
 a20:	00050593          	mv	a1,a0
 a24:	00001537          	lui	a0,0x1
 a28:	04450513          	addi	a0,a0,68 # 1044 <nxt.1629+0x210>
 a2c:	9bdff0ef          	jal	ra,3e8 <printf>
 a30:	00a00513          	li	a0,10
 a34:	f58ff0ef          	jal	ra,18c <putchar>
 a38:	00001537          	lui	a0,0x1
 a3c:	07050513          	addi	a0,a0,112 # 1070 <nxt.1629+0x23c>
 a40:	885ff0ef          	jal	ra,2c4 <puts>
 a44:	00a00513          	li	a0,10
 a48:	dd1ff0ef          	jal	ra,818 <usleep>
 a4c:	000017b7          	lui	a5,0x1
 a50:	08878513          	addi	a0,a5,136 # 1088 <nxt.1629+0x254>
 a54:	995ff0ef          	jal	ra,3e8 <printf>
 a58:	04000613          	li	a2,64
 a5c:	00000593          	li	a1,0
 a60:	02c10513          	addi	a0,sp,44
 a64:	addff0ef          	jal	ra,540 <memset>
 a68:	04000593          	li	a1,64
 a6c:	02c10513          	addi	a0,sp,44
 a70:	f5cff0ef          	jal	ra,1cc <gets>
 a74:	00000493          	li	s1,0
 a78:	02c10513          	addi	a0,sp,44
 a7c:	00001737          	lui	a4,0x1
 a80:	08c70593          	addi	a1,a4,140 # 108c <nxt.1629+0x258>
 a84:	ad9ff0ef          	jal	ra,55c <strtok>
 a88:	06c10713          	addi	a4,sp,108
 a8c:	00249793          	slli	a5,s1,0x2
 a90:	00f707b3          	add	a5,a4,a5
 a94:	faa7a023          	sw	a0,-96(a5)
 a98:	00001737          	lui	a4,0x1
 a9c:	00050a63          	beqz	a0,ab0 <main+0x1c0>
 aa0:	00148493          	addi	s1,s1,1
 aa4:	00800793          	li	a5,8
 aa8:	00000513          	li	a0,0
 aac:	fcf49ae3          	bne	s1,a5,a80 <main+0x190>
 ab0:	00c12483          	lw	s1,12(sp)
 ab4:	f8048ce3          	beqz	s1,a4c <main+0x15c>
 ab8:	000015b7          	lui	a1,0x1
 abc:	09058593          	addi	a1,a1,144 # 1090 <nxt.1629+0x25c>
 ac0:	00048513          	mv	a0,s1
 ac4:	a2dff0ef          	jal	ra,4f0 <strcmp>
 ac8:	02051663          	bnez	a0,af4 <main+0x204>
 acc:	00001537          	lui	a0,0x1
 ad0:	09850513          	addi	a0,a0,152 # 1098 <nxt.1629+0x264>
 ad4:	915ff0ef          	jal	ra,3e8 <printf>
 ad8:	f75ff06f          	j	a4c <main+0x15c>
 adc:	00001737          	lui	a4,0x1
 ae0:	f9870713          	addi	a4,a4,-104 # f98 <nxt.1629+0x164>
 ae4:	e81ff06f          	j	964 <main+0x74>
 ae8:	000017b7          	lui	a5,0x1
 aec:	f9c78793          	addi	a5,a5,-100 # f9c <nxt.1629+0x168>
 af0:	eadff06f          	j	99c <main+0xac>
 af4:	000015b7          	lui	a1,0x1
 af8:	0a058593          	addi	a1,a1,160 # 10a0 <nxt.1629+0x26c>
 afc:	00048513          	mv	a0,s1
 b00:	9f1ff0ef          	jal	ra,4f0 <strcmp>
 b04:	2c050263          	beqz	a0,dc8 <main+0x4d8>
 b08:	000015b7          	lui	a1,0x1
 b0c:	0cc58593          	addi	a1,a1,204 # 10cc <nxt.1629+0x298>
 b10:	00048513          	mv	a0,s1
 b14:	9ddff0ef          	jal	ra,4f0 <strcmp>
 b18:	0a051863          	bnez	a0,bc8 <main+0x2d8>
 b1c:	01012483          	lw	s1,16(sp)
 b20:	00048863          	beqz	s1,b30 <main+0x240>
 b24:	00048513          	mv	a0,s1
 b28:	b29ff0ef          	jal	ra,650 <xtoi>
 b2c:	00050493          	mv	s1,a0
 b30:	10048793          	addi	a5,s1,256
 b34:	00f12023          	sw	a5,0(sp)
 b38:	000017b7          	lui	a5,0x1
 b3c:	00048593          	mv	a1,s1
 b40:	0d478513          	addi	a0,a5,212 # 10d4 <nxt.1629+0x2a0>
 b44:	8a5ff0ef          	jal	ra,3e8 <printf>
 b48:	00000713          	li	a4,0
 b4c:	00001637          	lui	a2,0x1
 b50:	00e486b3          	add	a3,s1,a4
 b54:	0006c583          	lbu	a1,0(a3)
 b58:	0dc60513          	addi	a0,a2,220 # 10dc <nxt.1629+0x2a8>
 b5c:	00e12223          	sw	a4,4(sp)
 b60:	889ff0ef          	jal	ra,3e8 <printf>
 b64:	00412703          	lw	a4,4(sp)
 b68:	01000693          	li	a3,16
 b6c:	00001637          	lui	a2,0x1
 b70:	00170713          	addi	a4,a4,1
 b74:	fcd71ee3          	bne	a4,a3,b50 <main+0x260>
 b78:	00000713          	li	a4,0
 b7c:	00e486b3          	add	a3,s1,a4
 b80:	0006c503          	lbu	a0,0(a3)
 b84:	05e00613          	li	a2,94
 b88:	fe050693          	addi	a3,a0,-32
 b8c:	0ff6f693          	andi	a3,a3,255
 b90:	00d67463          	bgeu	a2,a3,b98 <main+0x2a8>
 b94:	02e00513          	li	a0,46
 b98:	00e12223          	sw	a4,4(sp)
 b9c:	df0ff0ef          	jal	ra,18c <putchar>
 ba0:	00412703          	lw	a4,4(sp)
 ba4:	01000693          	li	a3,16
 ba8:	00170713          	addi	a4,a4,1
 bac:	fcd718e3          	bne	a4,a3,b7c <main+0x28c>
 bb0:	00a00513          	li	a0,10
 bb4:	dd8ff0ef          	jal	ra,18c <putchar>
 bb8:	00012783          	lw	a5,0(sp)
 bbc:	01048493          	addi	s1,s1,16
 bc0:	f6f49ce3          	bne	s1,a5,b38 <main+0x248>
 bc4:	e89ff06f          	j	a4c <main+0x15c>
 bc8:	000015b7          	lui	a1,0x1
 bcc:	0e058593          	addi	a1,a1,224 # 10e0 <nxt.1629+0x2ac>
 bd0:	00048513          	mv	a0,s1
 bd4:	91dff0ef          	jal	ra,4f0 <strcmp>
 bd8:	02051863          	bnez	a0,c08 <main+0x318>
 bdc:	01012503          	lw	a0,16(sp)
 be0:	00050a63          	beqz	a0,bf4 <main+0x304>
 be4:	a6dff0ef          	jal	ra,650 <xtoi>
 be8:	01051513          	slli	a0,a0,0x10
 bec:	01055513          	srli	a0,a0,0x10
 bf0:	00a41423          	sh	a0,8(s0)
 bf4:	00845583          	lhu	a1,8(s0)
 bf8:	00001537          	lui	a0,0x1
 bfc:	0e450513          	addi	a0,a0,228 # 10e4 <nxt.1629+0x2b0>
 c00:	fe8ff0ef          	jal	ra,3e8 <printf>
 c04:	e49ff06f          	j	a4c <main+0x15c>
 c08:	000015b7          	lui	a1,0x1
 c0c:	0f058593          	addi	a1,a1,240 # 10f0 <nxt.1629+0x2bc>
 c10:	00048513          	mv	a0,s1
 c14:	8ddff0ef          	jal	ra,4f0 <strcmp>
 c18:	02051263          	bnez	a0,c3c <main+0x34c>
 c1c:	01012503          	lw	a0,16(sp)
 c20:	00050663          	beqz	a0,c2c <main+0x33c>
 c24:	9d9ff0ef          	jal	ra,5fc <atoi>
 c28:	00a42623          	sw	a0,12(s0)
 c2c:	00001537          	lui	a0,0x1
 c30:	00c42583          	lw	a1,12(s0)
 c34:	0f850513          	addi	a0,a0,248 # 10f8 <nxt.1629+0x2c4>
 c38:	fc9ff06f          	j	c00 <main+0x310>
 c3c:	000015b7          	lui	a1,0x1
 c40:	10458593          	addi	a1,a1,260 # 1104 <nxt.1629+0x2d0>
 c44:	00048513          	mv	a0,s1
 c48:	8a9ff0ef          	jal	ra,4f0 <strcmp>
 c4c:	02051663          	bnez	a0,c78 <main+0x388>
 c50:	01012503          	lw	a0,16(sp)
 c54:	00050a63          	beqz	a0,c68 <main+0x378>
 c58:	9f9ff0ef          	jal	ra,650 <xtoi>
 c5c:	01051513          	slli	a0,a0,0x10
 c60:	01055513          	srli	a0,a0,0x10
 c64:	00a41523          	sh	a0,10(s0)
 c68:	00001537          	lui	a0,0x1
 c6c:	00a45583          	lhu	a1,10(s0)
 c70:	10c50513          	addi	a0,a0,268 # 110c <nxt.1629+0x2d8>
 c74:	f8dff06f          	j	c00 <main+0x310>
 c78:	000015b7          	lui	a1,0x1
 c7c:	11858593          	addi	a1,a1,280 # 1118 <nxt.1629+0x2e4>
 c80:	00048513          	mv	a0,s1
 c84:	86dff0ef          	jal	ra,4f0 <strcmp>
 c88:	02051a63          	bnez	a0,cbc <main+0x3cc>
 c8c:	01012503          	lw	a0,16(sp)
 c90:	96dff0ef          	jal	ra,5fc <atoi>
 c94:	00050493          	mv	s1,a0
 c98:	01412503          	lw	a0,20(sp)
 c9c:	961ff0ef          	jal	ra,5fc <atoi>
 ca0:	00050593          	mv	a1,a0
 ca4:	00048513          	mv	a0,s1
 ca8:	a25ff0ef          	jal	ra,6cc <__mulsi3>
 cac:	00050593          	mv	a1,a0
 cb0:	00001537          	lui	a0,0x1
 cb4:	11c50513          	addi	a0,a0,284 # 111c <nxt.1629+0x2e8>
 cb8:	f49ff06f          	j	c00 <main+0x310>
 cbc:	000015b7          	lui	a1,0x1
 cc0:	12858593          	addi	a1,a1,296 # 1128 <nxt.1629+0x2f4>
 cc4:	00048513          	mv	a0,s1
 cc8:	829ff0ef          	jal	ra,4f0 <strcmp>
 ccc:	04051a63          	bnez	a0,d20 <main+0x430>
 cd0:	01012503          	lw	a0,16(sp)
 cd4:	929ff0ef          	jal	ra,5fc <atoi>
 cd8:	00050493          	mv	s1,a0
 cdc:	01412503          	lw	a0,20(sp)
 ce0:	91dff0ef          	jal	ra,5fc <atoi>
 ce4:	00050593          	mv	a1,a0
 ce8:	00a12223          	sw	a0,4(sp)
 cec:	00048513          	mv	a0,s1
 cf0:	b21ff0ef          	jal	ra,810 <__modsi3>
 cf4:	00412783          	lw	a5,4(sp)
 cf8:	00a12023          	sw	a0,0(sp)
 cfc:	00048513          	mv	a0,s1
 d00:	00078593          	mv	a1,a5
 d04:	b05ff0ef          	jal	ra,808 <__divsi3>
 d08:	00012603          	lw	a2,0(sp)
 d0c:	00050593          	mv	a1,a0
 d10:	00001537          	lui	a0,0x1
 d14:	12c50513          	addi	a0,a0,300 # 112c <nxt.1629+0x2f8>
 d18:	ed0ff0ef          	jal	ra,3e8 <printf>
 d1c:	d31ff06f          	j	a4c <main+0x15c>
 d20:	000015b7          	lui	a1,0x1
 d24:	14058593          	addi	a1,a1,320 # 1140 <nxt.1629+0x30c>
 d28:	00048513          	mv	a0,s1
 d2c:	fc4ff0ef          	jal	ra,4f0 <strcmp>
 d30:	04051863          	bnez	a0,d80 <main+0x490>
 d34:	01012503          	lw	a0,16(sp)
 d38:	8c5ff0ef          	jal	ra,5fc <atoi>
 d3c:	00050493          	mv	s1,a0
 d40:	01412503          	lw	a0,20(sp)
 d44:	8b9ff0ef          	jal	ra,5fc <atoi>
 d48:	00a12023          	sw	a0,0(sp)
 d4c:	01812503          	lw	a0,24(sp)
 d50:	8adff0ef          	jal	ra,5fc <atoi>
 d54:	00012583          	lw	a1,0(sp)
 d58:	01051613          	slli	a2,a0,0x10
 d5c:	41065613          	srai	a2,a2,0x10
 d60:	01059593          	slli	a1,a1,0x10
 d64:	4105d593          	srai	a1,a1,0x10
 d68:	00048513          	mv	a0,s1
 d6c:	925ff0ef          	jal	ra,690 <mac>
 d70:	00050593          	mv	a1,a0
 d74:	00001537          	lui	a0,0x1
 d78:	14450513          	addi	a0,a0,324 # 1144 <nxt.1629+0x310>
 d7c:	e85ff06f          	j	c00 <main+0x310>
 d80:	000015b7          	lui	a1,0x1
 d84:	15058593          	addi	a1,a1,336 # 1150 <nxt.1629+0x31c>
 d88:	00048513          	mv	a0,s1
 d8c:	f64ff0ef          	jal	ra,4f0 <strcmp>
 d90:	02051063          	bnez	a0,db0 <main+0x4c0>
 d94:	01012503          	lw	a0,16(sp)
 d98:	8b9ff0ef          	jal	ra,650 <xtoi>
 d9c:	00050593          	mv	a1,a0
 da0:	40155613          	srai	a2,a0,0x1
 da4:	00001537          	lui	a0,0x1
 da8:	15850513          	addi	a0,a0,344 # 1158 <nxt.1629+0x324>
 dac:	f6dff06f          	j	d18 <main+0x428>
 db0:	0004c783          	lbu	a5,0(s1)
 db4:	c8078ce3          	beqz	a5,a4c <main+0x15c>
 db8:	00001537          	lui	a0,0x1
 dbc:	00048593          	mv	a1,s1
 dc0:	16c50513          	addi	a0,a0,364 # 116c <nxt.1629+0x338>
 dc4:	e3dff06f          	j	c00 <main+0x310>
 dc8:	00001537          	lui	a0,0x1
 dcc:	0a850513          	addi	a0,a0,168 # 10a8 <nxt.1629+0x274>
 dd0:	e18ff0ef          	jal	ra,3e8 <printf>
 dd4:	000f4437          	lui	s0,0xf4
 dd8:	24040513          	addi	a0,s0,576 # f4240 <nxt.1629+0xf340c>
 ddc:	a3dff0ef          	jal	ra,818 <usleep>
 de0:	02e00513          	li	a0,46
 de4:	ba8ff0ef          	jal	ra,18c <putchar>
 de8:	24040513          	addi	a0,s0,576
 dec:	a2dff0ef          	jal	ra,818 <usleep>
 df0:	02e00513          	li	a0,46
 df4:	b98ff0ef          	jal	ra,18c <putchar>
 df8:	24040513          	addi	a0,s0,576
 dfc:	a1dff0ef          	jal	ra,818 <usleep>
 e00:	02e00513          	li	a0,46
 e04:	b88ff0ef          	jal	ra,18c <putchar>
 e08:	00001537          	lui	a0,0x1
 e0c:	0c450513          	addi	a0,a0,196 # 10c4 <nxt.1629+0x290>
 e10:	cb4ff0ef          	jal	ra,2c4 <puts>
 e14:	07412083          	lw	ra,116(sp)
 e18:	07012403          	lw	s0,112(sp)
 e1c:	06c12483          	lw	s1,108(sp)
 e20:	00000513          	li	a0,0
 e24:	07810113          	addi	sp,sp,120
 e28:	00008067          	ret
